<?xml version="1.0" encoding="UTF-8"?>
<!-- Generated by org.testng.reporters.JUnitReportReporter -->
<testsuite hostname="DESKTOP-FHGI3QT" failures="0" tests="1" name="TestCases.ThankYouPages_testCases" time="9.113" errors="0" timestamp="2020-10-26T23:28:45 IST" skipped="0">
  <testcase classname="TestCases.ThankYouPages_testCases" name="pageUpButtonCheck" time="9.113"/>
  <system-out/>
</testsuite> <!-- TestCases.ThankYouPages_testCases -->
