<?xml version="1.0" encoding="UTF-8"?>
<!-- Generated by org.testng.reporters.JUnitReportReporter -->
<testsuite hostname="DESKTOP-FHGI3QT" failures="0" tests="1" name="TestCases.homePage_testCases" time="16.212" errors="0" timestamp="2020-10-27T02:26:17 IST" skipped="0">
  <testcase classname="TestCases.homePage_testCases" name="pageUpButtonCheck" time="16.212"/>
  <system-out/>
</testsuite> <!-- TestCases.homePage_testCases -->
