<?xml version="1.0" encoding="UTF-8"?>
<!-- Generated by org.testng.reporters.JUnitReportReporter -->
<testsuite hostname="DESKTOP-FHGI3QT" failures="0" tests="1" name="TestCases.popUpPage_testCases" time="35.343" errors="0" timestamp="2020-10-27T20:56:51 IST" skipped="0">
  <testcase classname="TestCases.popUpPage_testCases" name="sendProperContact" time="35.343"/>
  <system-out/>
</testsuite> <!-- TestCases.popUpPage_testCases -->
